{"name": "test_login", "status": "failed", "statusDetails": {"message": "AssertionError: assert False", "trace": "self = <allure_test.test_allure_report.TestOrangeHRM object at 0x0000000004458430>\n\n    @allure.severity(allure.severity_level.CRITICAL)\n    def test_login(self):\n        self.driver = webdriver.Chrome(\"E:\\\\Softwares\\\\My PC Apps\\\\Selenium Python\\\\Webdrivers\\\\chromedriver_win32\\\\chromedriver.exe\")\n        self.driver.maximize_window()\n        self.driver.get(\"https://opensource-demo.orangehrmlive.com/\")\n    \n        self.driver.find_element_by_id(\"txtUsername\").send_keys(\"Admin\")\n        self.driver.find_element_by_id(\"txtPassword\").send_keys(\"admin123\")\n        self.driver.find_element_by_name(\"Submit\").click()\n    \n        page_title = self.driver.title\n    \n        if page_title == \"OrangeHRM123\":\n            assert True\n        else:\n            allure.attach(self.driver.get_screenshot_as_png(),\n                          name = \"testlogin\",\n                          attachment_type = AttachmentType.PNG)\n>           assert False\nE           assert False\n\ntest_allure_report.py:49: AssertionError"}, "attachments": [{"name": "testlogin", "source": "04771edc-074b-4f27-a587-2d1bae73214f-attachment.png", "type": "image/png"}], "start": 1614268416061, "stop": 1614268468937, "uuid": "18c4fcba-b6a5-4f05-aaf5-535961943986", "historyId": "1ad49c927b7bd5eda28176d5f2a32244", "testCaseId": "3bdb5a45dfb70d16f81c1dca755ae17e", "fullName": "test_allure_report.TestOrangeHRM#test_login", "labels": [{"name": "severity", "value": "critical"}, {"name": "suite", "value": "test_allure_report"}, {"name": "subSuite", "value": "TestOrangeHRM"}, {"name": "host", "value": "APPAN-PC"}, {"name": "thread", "value": "1108-MainThread"}, {"name": "framework", "value": "pytest"}, {"name": "language", "value": "cpython3"}, {"name": "package", "value": "test_allure_report"}]}